specialfundtermination.bpmn20.xml



[
    
	reconciliation.bpmn20.xml,
	handover.bpmn20.xml,
	standingbook.bpmn20.xml,
	busitravel2.bpmn20.xml,
	leaderschedule.bpmn20.xml,
	tiaozhangprocess.bpmn20.xml,
	specialfundtermination.bpmn20.xml,
	leaveout.bpmn20.xml,
	workflowProjectprocess.bpmn20.xml,
	antelopecopyto.bpmn20.xml,
	noprojectdoc.bpmn20.xml,
	workdaysoff.bpmn20.xml,
	workflowSpecialProjectprocess.bpmn20.xml,
	paymentofcontract.bpmn20.xml,
	refundapply.bpmn20.xml,
	standingbooknew.bpmn20.xml,
	budgetexamine.bpmn20.xml,
	schedulemanage.bpmn20.xml,
	materialdelivery.bpmn20.xml,
	materialacceptance.bpmn20.xml,
	siteapply.bpmn20.xml,
	checkreward.bpmn20.xml,
	bookorder.bpmn20.xml,
	leaderassschedule.bpmn20.xml,
	executiveunit.bpmn20.xml,
	materialsincome.bpmn20.xml,
	askforleave.bpmn20.xml,
	checkapprove.bpmn20.xml,
	overtimepay.bpmn20.xml,
	busitravel.bpmn20.xml,
	busitravel3.bpmn20.xml,
	donatecontract.bpmn20.xml,
	deptadocument.bpmn20.xml,
	programmeapproval.bpmn20.xml,
	activeProProcess.bpmn20.xml,
	deputychedule.bpmn20.xml,
	adocument.bpmn20.xml

]


[
	reconciliation.bpmn20.xml=org.activiti.engine.impl.persistence.entity.ResourceEntity@56e4a502,
	handover.bpmn20.xml=org.activiti.engine.impl.persistence.entity.ResourceEntity@436ece60,
	standingbook.bpmn20.xml=org.activiti.engine.impl.persistence.entity.ResourceEntity@cf389c8,
	busitravel2.bpmn20.xml=org.activiti.engine.impl.persistence.entity.ResourceEntity@41e52a6c,
	leaderschedule.bpmn20.xml=org.activiti.engine.impl.persistence.entity.ResourceEntity@32da5be7,
	tiaozhangprocess.bpmn20.xml=org.activiti.engine.impl.persistence.entity.ResourceEntity@7729e12,
	specialfundtermination.bpmn20.xml=org.activiti.engine.impl.persistence.entity.ResourceEntity@17dfeafd,
	leaveout.bpmn20.xml=org.activiti.engine.impl.persistence.entity.ResourceEntity@7f011420,
	workflowProjectprocess.bpmn20.xml=org.activiti.engine.impl.persistence.entity.ResourceEntity@1f647d44,
	antelopecopyto.bpmn20.xml=org.activiti.engine.impl.persistence.entity.ResourceEntity@c75f2b4,
	noprojectdoc.bpmn20.xml=org.activiti.engine.impl.persistence.entity.ResourceEntity@641569c5,
	workdaysoff.bpmn20.xml=org.activiti.engine.impl.persistence.entity.ResourceEntity@13c2d173,
	workflowSpecialProjectprocess.bpmn20.xml=org.activiti.engine.impl.persistence.entity.ResourceEntity@2f700012,
	paymentofcontract.bpmn20.xml=org.activiti.engine.impl.persistence.entity.ResourceEntity@cb3b71a,
	refundapply.bpmn20.xml=org.activiti.engine.impl.persistence.entity.ResourceEntity@4327ac08,
	standingbooknew.bpmn20.xml=org.activiti.engine.impl.persistence.entity.ResourceEntity@466bb456,
	budgetexamine.bpmn20.xml=org.activiti.engine.impl.persistence.entity.ResourceEntity@69b44c19,
	schedulemanage.bpmn20.xml=org.activiti.engine.impl.persistence.entity.ResourceEntity@782e2d52,
	materialdelivery.bpmn20.xml=org.activiti.engine.impl.persistence.entity.ResourceEntity@69799b3,
	materialacceptance.bpmn20.xml=org.activiti.engine.impl.persistence.entity.ResourceEntity@1dc55433,
	siteapply.bpmn20.xml=org.activiti.engine.impl.persistence.entity.ResourceEntity@56da1716,
	checkreward.bpmn20.xml=org.activiti.engine.impl.persistence.entity.ResourceEntity@5f17e422,
	bookorder.bpmn20.xml=org.activiti.engine.impl.persistence.entity.ResourceEntity@65f7a472,
	leaderassschedule.bpmn20.xml=org.activiti.engine.impl.persistence.entity.ResourceEntity@52240033,
	executiveunit.bpmn20.xml=org.activiti.engine.impl.persistence.entity.ResourceEntity@54c0dfc6,
	materialsincome.bpmn20.xml=org.activiti.engine.impl.persistence.entity.ResourceEntity@34961788,
	askforleave.bpmn20.xml=org.activiti.engine.impl.persistence.entity.ResourceEntity@6c9af15c,
	checkapprove.bpmn20.xml=org.activiti.engine.impl.persistence.entity.ResourceEntity@1e4d5164,
	overtimepay.bpmn20.xml=org.activiti.engine.impl.persistence.entity.ResourceEntity@4c218384,
	busitravel.bpmn20.xml=org.activiti.engine.impl.persistence.entity.ResourceEntity@488ff7df,
	busitravel3.bpmn20.xml=org.activiti.engine.impl.persistence.entity.ResourceEntity@73a4ef83,
	donatecontract.bpmn20.xml=org.activiti.engine.impl.persistence.entity.ResourceEntity@71646e2,
	deptadocument.bpmn20.xml=org.activiti.engine.impl.persistence.entity.ResourceEntity@476bc827,
	programmeapproval.bpmn20.xml=org.activiti.engine.impl.persistence.entity.ResourceEntity@70edee1a,
	activeProProcess.bpmn20.xml=org.activiti.engine.impl.persistence.entity.ResourceEntity@24e1cf73,
	deputychedule.bpmn20.xml=org.activiti.engine.impl.persistence.entity.ResourceEntity@11f5ac5b,
	adocument.bpmn20.xml=org.activiti.engine.impl.persistence.entity.ResourceEntity@84664b2
]


[
	executiveunit.executiveunit.png=org.activiti.engine.impl.persistence.entity.ResourceEntity@6a9fdb29,
	reconciliation.bpmn20.xml=org.activiti.engine.impl.persistence.entity.ResourceEntity@38491afe,
	handover.bpmn20.xml=org.activiti.engine.impl.persistence.entity.ResourceEntity@33fec1d1,
	paymentofcontract.paymentofcontract.png=org.activiti.engine.impl.persistence.entity.ResourceEntity@68ecbd38,
	schedulemanage.schedulemanage.png=org.activiti.engine.impl.persistence.entity.ResourceEntity@7cbe659f,
	tiaozhangprocess.bpmn20.xml=org.activiti.engine.impl.persistence.entity.ResourceEntity@cd01e1c,
	leaveout.bpmn20.xml=org.activiti.engine.impl.persistence.entity.ResourceEntity@49e5b61e,
	overtimepay.overtimepay.png=org.activiti.engine.impl.persistence.entity.ResourceEntity@44edc767,
	workflowProjectprocess.bpmn20.xml=org.activiti.engine.impl.persistence.entity.ResourceEntity@4bf0c0f8,
	checkapprove.checkapprove.png=org.activiti.engine.impl.persistence.entity.ResourceEntity@47dc0764,
	antelopecopyto.bpmn20.xml=org.activiti.engine.impl.persistence.entity.ResourceEntity@23ed0cc7,
	workdaysoff.bpmn20.xml=org.activiti.engine.impl.persistence.entity.ResourceEntity@9113122,
	paymentofcontract.bpmn20.xml=org.activiti.engine.impl.persistence.entity.ResourceEntity@44abd7f8,
	tiaozhangprocess.tiaozhang.png=org.activiti.engine.impl.persistence.entity.ResourceEntity@636b0f2e,
	askforleave.askforleave.png=org.activiti.engine.impl.persistence.entity.ResourceEntity@282bacb0,
	standingbooknew.bpmn20.xml=org.activiti.engine.impl.persistence.entity.ResourceEntity@28b310b6,
	budgetexamine.bpmn20.xml=org.activiti.engine.impl.persistence.entity.ResourceEntity@323d164f,
	schedulemanage.bpmn20.xml=org.activiti.engine.impl.persistence.entity.ResourceEntity@9946d59,
	standingbooknew.standingbooknew.png=org.activiti.engine.impl.persistence.entity.ResourceEntity@7caf0ef7,
	checkreward.bpmn20.xml=org.activiti.engine.impl.persistence.entity.ResourceEntity@4c299774,
	executiveunit.bpmn20.xml=org.activiti.engine.impl.persistence.entity.ResourceEntity@16fc6fd0,
	materialsincome.bpmn20.xml=org.activiti.engine.impl.persistence.entity.ResourceEntity@3ca826f3,
	askforleave.bpmn20.xml=org.activiti.engine.impl.persistence.entity.ResourceEntity@38744f27,
	deputychedule.deputychedule.png=org.activiti.engine.impl.persistence.entity.ResourceEntity@3866ed6a,
	checkapprove.bpmn20.xml=org.activiti.engine.impl.persistence.entity.ResourceEntity@4d919759,
	overtimepay.bpmn20.xml=org.activiti.engine.impl.persistence.entity.ResourceEntity@3073afa6,
	programmeapproval.programmeapproval.png=org.activiti.engine.impl.persistence.entity.ResourceEntity@2ae4c3f8,
	workflowProjectprocess.projectprocess.png=org.activiti.engine.impl.persistence.entity.ResourceEntity@25667673,
	deptadocument.bpmn20.xml=org.activiti.engine.impl.persistence.entity.ResourceEntity@640c16d9,
	programmeapproval.bpmn20.xml=org.activiti.engine.impl.persistence.entity.ResourceEntity@492f9b61,
	activeProProcess.bpmn20.xml=org.activiti.engine.impl.persistence.entity.ResourceEntity@45d87abf,
	siteapply.siteapply.png=org.activiti.engine.impl.persistence.entity.ResourceEntity@539b5999,
	reconciliation.reconciliation.png=org.activiti.engine.impl.persistence.entity.ResourceEntity@57a537ed,
	refundapply.refundapply.png=org.activiti.engine.impl.persistence.entity.ResourceEntity@62e44aeb,
	standingbook.bpmn20.xml=org.activiti.engine.impl.persistence.entity.ResourceEntity@64efc98a,
	busitravel2.bpmn20.xml=org.activiti.engine.impl.persistence.entity.ResourceEntity@6d31031f,
	leaderschedule.bpmn20.xml=org.activiti.engine.impl.persistence.entity.ResourceEntity@13d55b0b,
	deptadocument.deptadocument.png=org.activiti.engine.impl.persistence.entity.ResourceEntity@5326f888,
	busitravel3.busitravel3.png=org.activiti.engine.impl.persistence.entity.ResourceEntity@499fc8ff,
	leaveout.leaveout.png=org.activiti.engine.impl.persistence.entity.ResourceEntity@2cd31328,
	leaderassschedule.leaderassschedule.png=org.activiti.engine.impl.persistence.entity.ResourceEntity@156718ba,
	noprojectdoc.bpmn20.xml=org.activiti.engine.impl.persistence.entity.ResourceEntity@71e15026,
	workflowSpecialProjectprocess.bpmn20.xml=org.activiti.engine.impl.persistence.entity.ResourceEntity@468ea6d5,
	noprojectdoc.noprojectdoc.png=org.activiti.engine.impl.persistence.entity.ResourceEntity@7270b77f,
	workdaysoff.workdaysoff.png=org.activiti.engine.impl.persistence.entity.ResourceEntity@5f7fc343,
	refundapply.bpmn20.xml=org.activiti.engine.impl.persistence.entity.ResourceEntity@24e4c8ea,
	checkreward.reward.png=org.activiti.engine.impl.persistence.entity.ResourceEntity@176f6aad,
	activeProProcess.activeProProcess.png=org.activiti.engine.impl.persistence.entity.ResourceEntity@60d3fc70,
	budgetexamine.budgetexamine.png=org.activiti.engine.impl.persistence.entity.ResourceEntity@41175ef2,
	handover.handovernew.png=org.activiti.engine.impl.persistence.entity.ResourceEntity@43366da2,
	materialdelivery.bpmn20.xml=org.activiti.engine.impl.persistence.entity.ResourceEntity@2fe04d6b,
	materialacceptance.bpmn20.xml=org.activiti.engine.impl.persistence.entity.ResourceEntity@50af049b,
	materialdelivery.materialdelivery.png=org.activiti.engine.impl.persistence.entity.ResourceEntity@2bb420b2,
	siteapply.bpmn20.xml=org.activiti.engine.impl.persistence.entity.ResourceEntity@5b9f131b,
	antelopecopyto.antelopecopyto.png=org.activiti.engine.impl.persistence.entity.ResourceEntity@76399616,
	standingbook.standingbook.png=org.activiti.engine.impl.persistence.entity.ResourceEntity@5e9adf96,
	bookorder.bpmn20.xml=org.activiti.engine.impl.persistence.entity.ResourceEntity@5421c547,
	leaderassschedule.bpmn20.xml=org.activiti.engine.impl.persistence.entity.ResourceEntity@77051313,
	adocument.adocument.png=org.activiti.engine.impl.persistence.entity.ResourceEntity@4db6a2c3,
	busitravel2.busitravel2.png=org.activiti.engine.impl.persistence.entity.ResourceEntity@45d8b28c,
	materialsincome.materialincome.png=org.activiti.engine.impl.persistence.entity.ResourceEntity@1f095c8d,
	workflowSpecialProjectprocess.specialprojectprocess.png=org.activiti.engine.impl.persistence.entity.ResourceEntity@404b49f4,
	busitravel.bpmn20.xml=org.activiti.engine.impl.persistence.entity.ResourceEntity@38934b84,
	busitravel3.bpmn20.xml=org.activiti.engine.impl.persistence.entity.ResourceEntity@38dfc2c8,
	bookorder.bookorder.png=org.activiti.engine.impl.persistence.entity.ResourceEntity@6d670c6a,
	donatecontract.bpmn20.xml=org.activiti.engine.impl.persistence.entity.ResourceEntity@77f9fcdb,
	materialacceptance.materialacceptance.png=org.activiti.engine.impl.persistence.entity.ResourceEntity@551456cb,
	donatecontract.donatecontract.png=org.activiti.engine.impl.persistence.entity.ResourceEntity@139b1723,
	deputychedule.bpmn20.xml=org.activiti.engine.impl.persistence.entity.ResourceEntity@464a4d66,
	leaderschedule.leaderschedule.png=org.activiti.engine.impl.persistence.entity.ResourceEntity@7eed6e50,
	adocument.bpmn20.xml=org.activiti.engine.impl.persistence.entity.ResourceEntity@9b8cd48,
	busitravel.busitravel.png=org.activiti.engine.impl.persistence.entity.ResourceEntity@4251f153
]